<?xml version="1.0" encoding="UTF-8"?>
<testsuite xmlns:xsi="http://www.w3.org/2001/XMLSchema-instance" xsi:noNamespaceSchemaLocation="https://maven.apache.org/surefire/maven-surefire-plugin/xsd/surefire-test-report-3.0.xsd" version="3.0" name="com.smzynm.UserTaskManager.UserTaskManagerApplicationTests" time="10.111" tests="1" errors="0" skipped="0" failures="0">
  <properties>
[...]
</properties>
  <testcase name="contextLoads" classname="com.smzynm.UserTaskManager.UserTaskManagerApplicationTests" time="0.566">
    <system-out><![CDATA[18:19:18.902 [main] INFO org.springframework.test.context.support.AnnotationConfigContextLoaderUtils -- Could not detect default configuration classes for test class [com.smzynm.UserTaskManager.UserTaskManagerApplicationTests]: UserTaskManagerApplicationTests does not declare any static, non-private, non-final, nested classes annotated with @Configuration.
18:19:19.016 [main] INFO org.springframework.boot.test.context.SpringBootTestContextBootstrapper -- Found @SpringBootConfiguration com.smzynm.UserTaskManager.UserTaskManagerApplication for test class com.smzynm.UserTaskManager.UserTaskManagerApplicationTests

  .   ____          _            __ _ _
 /\\ / ___'_ __ _ _(_)_ __  __ _ \ \ \ \
( ( )\___ | '_ | '_| | '_ \/ _` | \ \ \ \
 \\/  ___)| |_)| | | | | || (_| |  ) ) ) )
  '  |____| .__|_| |_|_| |_\__, | / / / /
 =========|_|==============|___/=/_/_/_/
 :: Spring Boot ::                (v3.1.1)

2023-07-16T18:19:19.520-05:00  INFO 13932 --- [           main] c.s.U.UserTaskManagerApplicationTests    : Starting UserTaskManagerApplicationTests using Java 17.0.6 with PID 13932 (started by yosimar.naranjo in C:\Users\yosimar.naranjo\Documents\nuevo\Estudio\UserTaskManager)
2023-07-16T18:19:19.521-05:00  INFO 13932 --- [           main] c.s.U.UserTaskManagerApplicationTests    : No active profile set, falling back to 1 default profile: "default"
2023-07-16T18:19:20.398-05:00  INFO 13932 --- [           main] .s.d.r.c.RepositoryConfigurationDelegate : Bootstrapping Spring Data JPA repositories in DEFAULT mode.
2023-07-16T18:19:20.517-05:00  INFO 13932 --- [           main] .s.d.r.c.RepositoryConfigurationDelegate : Finished Spring Data repository scanning in 112 ms. Found 5 JPA repository interfaces.
2023-07-16T18:19:21.033-05:00  INFO 13932 --- [           main] o.hibernate.jpa.internal.util.LogHelper  : HHH000204: Processing PersistenceUnitInfo [name: default]
2023-07-16T18:19:21.102-05:00  INFO 13932 --- [           main] org.hibernate.Version                    : HHH000412: Hibernate ORM core version 6.2.5.Final
2023-07-16T18:19:21.104-05:00  INFO 13932 --- [           main] org.hibernate.cfg.Environment            : HHH000406: Using bytecode reflection optimizer
2023-07-16T18:19:21.337-05:00  INFO 13932 --- [           main] o.h.b.i.BytecodeProviderInitiator        : HHH000021: Bytecode provider name : bytebuddy
2023-07-16T18:19:21.491-05:00  INFO 13932 --- [           main] o.s.o.j.p.SpringPersistenceUnitInfo      : No LoadTimeWeaver setup: ignoring JPA class transformer
2023-07-16T18:19:21.520-05:00  INFO 13932 --- [           main] com.zaxxer.hikari.HikariDataSource       : HikariPool-1 - Starting...
2023-07-16T18:19:23.232-05:00  INFO 13932 --- [           main] com.zaxxer.hikari.pool.HikariPool        : HikariPool-1 - Added connection com.mysql.cj.jdbc.ConnectionImpl@3973b6d4
2023-07-16T18:19:23.235-05:00  INFO 13932 --- [           main] com.zaxxer.hikari.HikariDataSource       : HikariPool-1 - Start completed.
2023-07-16T18:19:23.815-05:00  INFO 13932 --- [           main] o.h.b.i.BytecodeProviderInitiator        : HHH000021: Bytecode provider name : bytebuddy
2023-07-16T18:19:24.598-05:00  INFO 13932 --- [           main] o.h.e.t.j.p.i.JtaPlatformInitiator       : HHH000490: Using JtaPlatform implementation: [org.hibernate.engine.transaction.jta.platform.internal.NoJtaPlatform]
2023-07-16T18:19:26.997-05:00  INFO 13932 --- [           main] j.LocalContainerEntityManagerFactoryBean : Initialized JPA EntityManagerFactory for persistence unit 'default'
2023-07-16T18:19:27.833-05:00  WARN 13932 --- [           main] JpaBaseConfiguration$JpaWebConfiguration : spring.jpa.open-in-view is enabled by default. Therefore, database queries may be performed during view rendering. Explicitly configure spring.jpa.open-in-view to disable this warning
2023-07-16T18:19:28.265-05:00  INFO 13932 --- [           main] c.s.U.UserTaskManagerApplicationTests    : Started UserTaskManagerApplicationTests in 9.08 seconds (process running for 10.157)
]]></system-out>
  </testcase>
</testsuite>